2021-12-14T08:49:17+00:00 CRITICAL Uncaught Error: Class 'TutsPlus_Custom_WooCommerce_Field' not found in /var/www/html/wp-content/plugins/fashion-books-product-customfields/index.php:36
Stack trace:
#0 /var/www/html/wp-includes/class-wp-hook.php(303): tutsplus_wc_input_start('')
#1 /var/www/html/wp-includes/class-wp-hook.php(327): WP_Hook->apply_filters(NULL, Array)
#2 /var/www/html/wp-includes/plugin.php(470): WP_Hook->do_action(Array)
#3 /var/www/html/wp-settings.php(441): do_action('plugins_loaded')
#4 /var/www/html/wp-config.php(133): require_once('/var/www/html/w...')
#5 /var/www/html/wp-load.php(50): require_once('/var/www/html/w...')
#6 /var/www/html/wp-admin/admin.php(34): require_once('/var/www/html/w...')
#7 /var/www/html/wp-admin/plugins.php(10): require_once('/var/www/html/w...')
#8 {main}
  thrown in /var/www/html/wp-content/plugins/fashion-books-product-customfields/index.php on line 36

2021-12-14T11:54:12+00:00 CRITICAL Uncaught Error: Class 'TutsPlus_Custom_WooCommerce_Display' not found in /var/www/html/wp-content/plugins/rebeckas-woo-plugin/rebeckas-woo-plugin.php:38
Stack trace:
#0 /var/www/html/wp-includes/class-wp-hook.php(303): tutsplus_wc_input_start('')
#1 /var/www/html/wp-includes/class-wp-hook.php(327): WP_Hook->apply_filters(NULL, Array)
#2 /var/www/html/wp-includes/plugin.php(470): WP_Hook->do_action(Array)
#3 /var/www/html/wp-settings.php(441): do_action('plugins_loaded')
#4 /var/www/html/wp-config.php(133): require_once('/var/www/html/w...')
#5 /var/www/html/wp-load.php(50): require_once('/var/www/html/w...')
#6 /var/www/html/wp-blog-header.php(13): require_once('/var/www/html/w...')
#7 /var/www/html/index.php(17): require('/var/www/html/w...')
#8 {main}
  thrown in /var/www/html/wp-content/plugins/rebeckas-woo-plugin/rebeckas-woo-plugin.php on line 38

